$ curl -v http://localhost:9090/transform -H "Accept:application/xml" -H "Content-Type:text/plain" -d 'Ballerina'
*   Trying ::1...
* TCP_NODELAY set
* Connected to localhost (::1) port 9090 (#0)
> POST /transform HTTP/1.1
> Host: localhost:9090
> User-Agent: curl/7.64.1
> Accept:application/xml
> Content-Type:text/plain
> Content-Length: 9
>
* upload completely sent off: 9 out of 9 bytes
< HTTP/1.1 201 Created
< content-type: application/xml
< content-length: 22
< server: ballerina
< date: Sat, 22 Oct 2022 17:53:21 +0530
<
* Connection #0 to host localhost left intact
<name>Ballerina</name>* Closing connection 0

# To invoke the service using an unsupported media type, execute the following cURL request. The content type of the
# request is not listed under the `consumes` resource configuration.
$ curl -v http://localhost:9090/transform -H "Accept:application/xml" -H "Content-Type:application/json" -d '{"name":"Ballerina"}'
*   Trying ::1...
* TCP_NODELAY set
* Connected to localhost (::1) port 9090 (#0)
> POST /transform HTTP/1.1
> Host: localhost:9090
> User-Agent: curl/7.64.1
> Accept:application/xml
> Content-Type:application/json
> Content-Length: 20
>
* upload completely sent off: 20 out of 20 bytes
< HTTP/1.1 415 Unsupported Media Type
< content-type: text/plain
< content-length: 48
< server: ballerina
< date: Sat, 22 Oct 2022 17:56:40 +0530
<
* Connection #0 to host localhost left intact
content-type : application/json is not supported* Closing connection 0

# To invoke the service with a media type that is not acceptable, execute the following cURL request. The media type mentioned
# in the `Accept` header is not listed under the `produces` resource configuration.
$ curl -v http://localhost:9090/transform -H "Accept:text/html" -H "Content-Type:text/plain" -d 'Ballerina'
*   Trying ::1...
* TCP_NODELAY set
* Connected to localhost (::1) port 9090 (#0)
> POST /transform HTTP/1.1
> Host: localhost:9090
> User-Agent: curl/7.64.1
> Accept:text/html
> Content-Type:text/plain
> Content-Length: 9
>
* upload completely sent off: 9 out of 9 bytes
< HTTP/1.1 406 Not Acceptable
< content-type: text/plain
< content-length: 0
< server: ballerina
< date: Sat, 22 Oct 2022 17:58:28 +0530
<
* Connection #0 to host localhost left intact
* Closing connection 0
