# As shown in the output, only the `INFO` and higher level logs are logged by default.
# To run this sample, navigate to the directory that contains the
# `.bal` file, and execute the `bal run` command below.
bal run log_api.bal
time = 2021-05-14T09:35:07.421+05:30 level = ERROR module = "" message = "error log"
time = 2021-05-14T09:35:07.431+05:30 level = INFO module = "" message = "info log"
time = 2021-05-14T09:35:07.432+05:30 level = WARN module = "" message = "warn log"
time = 2021-05-14T09:35:07.433+05:30 level = INFO module = "" message = "info log" name = "foo" id = 845315 successful = true
time = 2021-05-14T09:35:07.440+05:30 level = INFO module = "" message = "info log" name = "foo" id = 845315
time = 2021-05-14T09:35:07.441+05:30 level = ERROR module = "" message = "error log" name = "foo" id = 845315
time = 2021-05-14T09:35:07.449+05:30 level = ERROR module = "" message = "error log" stackTrace = [{"callableName":"f3","moduleName":"log","fileName":"log.bal","lineNumber":66},{"callableName":"f2","moduleName":"log","fileName":"log.bal","lineNumber":62},{"callableName":"f1","moduleName":"log","fileName":"log.bal","lineNumber":58},{"callableName":"main","moduleName":"log","fileName":"log.bal","lineNumber":23}] id = 845315 username = "Alex92"
time = 2021-05-14T09:35:07.460+05:30 level = ERROR module = "" message = "error log with cause" error = "something went wrong!" name = "foo" id = 845315

# If the `format` is set to "json", the log output will be as follows.
{"time":"2021-05-14T09:37:05.248+05:30", "level":"ERROR", "module":"", "message":"error log"}
{"time":"2021-05-14T09:37:05.263+05:30", "level":"INFO", "module":"", "message":"info log"}
{"time":"2021-05-14T09:37:05.264+05:30", "level":"WARN", "module":"", "message":"warn log"}
{"time":"2021-05-14T09:37:05.265+05:30", "level":"INFO", "module":"", "message":"info log", "name":"foo", "id":845315, "successful":true}
{"time":"2021-05-14T09:37:05.278+05:30", "level":"INFO", "module":"", "message":"info log", "name":"foo", "id":845315}
{"time":"2021-05-14T09:37:05.279+05:30", "level":"ERROR", "module":"", "message":"error log", "name":"foo", "id":845315}
{"time":"2021-05-14T09:37:05.285+05:30", "level":"ERROR", "module":"", "message":"error log", "stackTrace":[{"callableName":"f3", "moduleName":"log", "fileName":"log.bal", "lineNumber":66}, {"callableName":"f2", "moduleName":"log", "fileName":"log.bal", "lineNumber":62}, {"callableName":"f1", "moduleName":"log", "fileName":"log.bal", "lineNumber":58}, {"callableName":"main", "moduleName":"log", "fileName":"log.bal", "lineNumber":23}], "id":845315, "username":"Alex92"}
{"time":"2021-05-14T09:37:05.287+05:30", "level":"ERROR", "module":"", "message":"error log with cause", "error":"something went wrong!", "name":"foo", "id":845315}
