bal run xml_navigation.bal
<items>
            <!--Contents-->
            <book>
                <name>A Study in Scarlet</name>
                <author><name>Arthur Conan Doyle</name></author>
            </book>
            <planner>Daily Planner<kind>day</kind><pages>365</pages></planner>
            <book>
                <name>The Sign of Four</name>
                <author><name>Arthur Conan Doyle</name></author>
            </book>
            <pen><kind>marker</kind><color>blue</color></pen>
        </items>

            <!--Contents-->
            <book>
                <name>A Study in Scarlet</name>
                <author><name>Arthur Conan Doyle</name></author>
            </book>
            <planner>Daily Planner<kind>day</kind><pages>365</pages></planner>
            <book>
                <name>The Sign of Four</name>
                <author><name>Arthur Conan Doyle</name></author>
            </book>
            <pen><kind>marker</kind><color>blue</color></pen>
        
<planner>Daily Planner<kind>day</kind><pages>365</pages></planner>
<planner>Daily Planner<kind>day</kind><pages>365</pages></planner><pen><kind>marker</kind><color>blue</color></pen>
<book>
                <name>A Study in Scarlet</name>
                <author><name>Arthur Conan Doyle</name></author>
            </book><planner>Daily Planner<kind>day</kind><pages>365</pages></planner><book>
                <name>The Sign of Four</name>
                <author><name>Arthur Conan Doyle</name></author>
            </book><pen><kind>marker</kind><color>blue</color></pen>
<name>A Study in Scarlet</name><name>Arthur Conan Doyle</name><name>The Sign of Four</name><name>Arthur Conan Doyle</name>
<book>
                <name>A Study in Scarlet</name>
                <author><name>Arthur Conan Doyle</name></author>
            </book>
