$ curl -v localhost:9090/stocks
*   Trying [::1]:9090...
* Connected to localhost (::1) port 9090
> GET /stocks/stockA HTTP/1.1
> Host: localhost:9090
> User-Agent: curl/8.4.0
> Accept: */*
> 
< HTTP/1.1 200 OK
< content-type: text/event-stream
< cache-control: no-cache,public
< transfer-encoding: chunked
< connection: keep-alive
< server: ballerina
< date: Fri, 2 Aug 2024 12:02:04 +0530
< 
data: 76.6014928817749

data: 789.1765828132629

data: 241.89215344190598

data: 494.8120536804199

data: 234.36854779720306

* Connection #0 to host localhost left intact
