# To run this sample, navigate to the directory that contains the
# `.bal` file and execute the `ballerina run` command below.
ballerina run mysql_batch_execute_operation.bal

Database created. 
Drop table executed: {"affectedRowCount":0,"lastInsertId":null}
Create table executed: {"affectedRowCount":0,"lastInsertId":null}

Insert success, generated IDs are: [1,2,3]

Error while executing batch command starting with: 'INSERT INTO Customers
                    (firstName, lastName, registrationID, creditLimit, country)
                    VALUES ( ? ,  ? ,
                     ? ,  ? ,  ? )'.Duplicate entry '1' for key 'registrationID'.
[{"affectedRowCount":1,"lastInsertId":null},{"affectedRowCount":-3,"lastInsertId":null},{"affectedRowCount":1,"lastInsertId":null}]
Rollback transaction.

Data in Customers table:
{"customerId":1,"firstName":"Peter","lastName":"Stuart","registrationID":1,"creditLimit":5000.75,"country":"USA"}
{"customerId":2,"firstName":"Stephanie","lastName":"Mike","registrationID":2,"creditLimit":8000.0,"country":"USA"}
{"customerId":3,"firstName":"Bill","lastName":"John","registrationID":3,"creditLimit":3000.25,"country":"USA"}

Sample executed successfully!
[ballerina/http] started HTTP/WS listener 192.168.1.18:43179
[ballerina/http] stopped HTTP/WS listener 192.168.1.18:43179
