# To create the `Ballerina` project, execute the `bal run` command below and copy this code to that project
bal new mysql_call_stored_procedures

# To define the MySQL database driver JAR as a dependency, change the path of
# the MYSQL driver and add it in the `Ballerina.toml`
[[platform.java11.dependency]]
artifactId = "mysql-connector-java"
version = "VERSIONN"
path = "/path/to/mysql-connector-java.jar"
groupId = "mysql"

# To run this, execute the `bal run` command below.
bal run mysql_call_stored_procedures

Starts to run the sample!

Invoke `InsertStudent` procedure with IN params
Call stored procedure `InsertStudent` is successful : {"affectedRowCount":1,"lastInsertId":null}

Invoke `GetCount` procedure with INOUT & OUT params
Age of the student with id '1' : 24
Total student count: 1
Call stored procedure `GetCount` is successful.

Invoke `GetStudents` procedure with returned data
Student details: {"id":1,"age":24,"name":"George"}
Call stored procedure `GetStudents` is successful.

Sample executed successfully!
