<<<<<<< HEAD
$ func azure functionapp publish <function_app_name> --script-root target/azure_functions
Getting site publishing info...
Creating archive for current directory...
Uploading 32.7 MB [###############################################################################]
Upload completed successfully.
Deployment completed successfully.
Syncing triggers...
Functions in <function_app_name>:
=======
$ func azure functionapp publish bal-bbe --script-root target/azure_functions
Getting site publishing info...
Creating archive for current directory...
Uploading 28.67 MB [##############################################################################]
Upload completed successfully.
Deployment completed successfully.
Syncing triggers...
Functions in bal-bbe:
    get-hello - [httpTrigger]
        Invoke url: https://bal-bbe.azurewebsites.net/hello

>>>>>>> 2a84a2d3c676c4a3b03d236f287fef9e855a81ae
    timer - [timerTrigger]
