# To start the service, navigate to the directory that contains the
# `.bal` file and execute the `bal run` command below with the build time flag `--observability-included` and the runtime configuration file `Config.toml`.
BALCONFIGFILE=Config.toml bal run --observability-included counter_metrics.bal

[ballerina/http] started HTTP/WS listener 0.0.0.0:9797
ballerina: enabled prometheus metrics reporter
[ballerina/http] started HTTP/WS listener 0.0.0.0:9090
------------------------------------------
Global Counter = 1
Local Counter = 21
Registered Counter = 10
------------------------------------------
------------------------------------------
Global Counter = 2
Local Counter = 21
Registered Counter = 20
------------------------------------------
------------------------------------------
Global Counter = 3
Local Counter = 21
Registered Counter = 30
------------------------------------------
