# To run this sample, navigate to the directory that contains the
# `.bal` file, and execute the `bal run` command below.
bal run xml-access.bal
First name: <fname title="Sir">Arthur</fname>
ISBN Code: 
Name title: Sir
First name (match descendants): <fname title="Sir">Arthur</fname>
Book child items: 
                <name>Sherlock Holmes</name>
                <author>
                    <fname title="Sir">Arthur</fname>
                    <mname>Conan</mname>
                    <lname>Doyle</lname>
                </author>
                <bar:year xmlns:bar="http://ballerina.com/a">2019</bar:year>
                <!--Price: $10-->
                
Book child elements: <name>Sherlock Holmes</name><author>
                    <fname title="Sir">Arthur</fname>
                    <mname>Conan</mname>
                    <lname>Doyle</lname>
                </author><bar:year xmlns:bar="http://ballerina.com/a">2019</bar:year>
Book children in ns: 2019
XML sequence filter name: <name>Sherlock Holmes</name>
XML sequence filter year: <bar:year xmlns:bar="http://ballerina.com/a">2019</bar:year>
