# Invoke the service.
curl -v http://localhost:9090/greeting
*   Trying ::1:9090...
* Connected to localhost (::1) port 9090 (#0)
> GET /greeting HTTP/1.1
> Host: localhost:9090
> User-Agent: curl/7.77.0
> Accept: */*
> 
* Mark bundle as not supporting multiuse
< HTTP/1.1 200 OK
< content-type: text/plain
< X-responseHeader1: ResponseInterceptor1
< X-responseHeader2: ResponseInterceptor2
< content-length: 10
< server: ballerina
< date: Fri, 15 Apr 2022 12:40:52 +0530
< 
* Connection #0 to host localhost left intact
Greetings!
