$ bal build --cloud="azure_functions"
Compiling source
<<<<<<< HEAD
	wso2/azure_functions_cosmosdb_trigger:0.1.0

Generating executable

	@azure.functions:Function: cosmos

	Execute the command below to deploy the function locally:
	$ func start --script-root target/azure_functions --java

	Execute the command below to deploy Ballerina Azure Functions:
	$ func azure functionapp publish <function_app_name> --script-root target/azure_functions 

	target/bin/azure_functions_cosmosdb_trigger.jar
=======
        wso2/azure-functions-cosmosdb-trigger:0.1.0

Generating executable
        @azure_functions:Function: cosmos

        Execute the command below to deploy the function locally.
        func start --script-root target/azure_functions --java

        Execute the command below to deploy Ballerina Azure Functions.
        func azure functionapp publish <function_app_name> --script-root target/azure_functions 

        target/bin/azure_functions_deployment.jar
>>>>>>> 2a84a2d3c676c4a3b03d236f287fef9e855a81ae
