# To invoke the service, execute the following cURL request.
curl -v http://localhost:9092/infoService -H "Accept:application/xml" -H "Content-Type:application/json" -d '{"name":"Ballerina"}'
> POST /infoService HTTP/1.1
> Host: localhost:9092
> User-Agent: curl/7.64.1
> Accept:application/xml
> Content-Type:application/json
> Content-Length: 20
>
* upload completely sent off: 20 out of 20 bytes
< HTTP/1.1 200 OK
< content-type: application/xml
< content-length: 22
< server: ballerina
< date: Wed, 23 Sep 2020 10:25:55 +0530
<
* Connection #0 to host localhost left intact
<name>Ballerina</name>* Closing connection 0

# To invoke the service using unsupported media type, execute the following cURL request. The content type of the
# request is not listed under the `consumes` resource configuration.
curl -v http://localhost:9092/infoService -H "Accept:application/xml" -H "Content-Type:text/plain" -d "Hello ballerina"
> POST /infoService HTTP/1.1
> Host: localhost:9092
> User-Agent: curl/7.64.1
> Accept:application/xml
> Content-Type:text/plain
> Content-Length: 15
>
* upload completely sent off: 15 out of 15 bytes
< HTTP/1.1 415 Unsupported Media Type
< content-type: text/plain
< content-length: 0
< server: ballerina
< date: Wed, 23 Sep 2020 10:26:50 +0530
<
* Connection #0 to host localhost left intact
* Closing connection 0

# To invoke the service with a media type that is not acceptable, execute the following cURL request. The media type mentioned
# in the Accept header is not listed under the `produces` resource configuration.
curl -v http://localhost:9092/infoService -H "Accept:text/html" -H "Content-Type:application/json" -d '{"name":"Ballerina"}'
> POST /infoService HTTP/1.1
> Host: localhost:9092
> User-Agent: curl/7.64.1
> Accept:text/html
> Content-Type:application/json
> Content-Length: 20
>
* upload completely sent off: 20 out of 20 bytes
< HTTP/1.1 406 Not Acceptable
< content-type: text/plain
< content-length: 0
< server: ballerina
< date: Wed, 23 Sep 2020 10:27:28 +0530
<
* Connection #0 to host localhost left intact
* Closing connection 0
