$ bal run log_file_rotation.bal
time=2025-12-23T14:15:00.123+05:30 level=INFO module="" message="Starting log rotation demonstration"
time=2025-12-23T14:15:00.145+05:30 level=INFO module="" message="Demonstrating TIME_BASED rotation using root logger from Config.toml"
time=2025-12-23T14:15:00.167+05:30 level=INFO module="" message="Application started" version="1.0.0"
time=2025-12-23T14:15:00.189+05:30 level=INFO module="" message="Processing request" requestId="req1" endpoint="/api/users" responseTime=126
time=2025-12-23T14:15:00.201+05:30 level=INFO module="" message="Processing request" requestId="req2" endpoint="/api/users" responseTime=127
time=2025-12-23T14:15:00.213+05:30 level=INFO module="" message="Processing request" requestId="req3" endpoint="/api/users" responseTime=128
time=2025-12-23T14:15:00.225+05:30 level=INFO module="" message="Processing request" requestId="req4" endpoint="/api/users" responseTime=129
time=2025-12-23T14:15:00.237+05:30 level=INFO module="" message="Processing request" requestId="req5" endpoint="/api/users" responseTime=130
time=2025-12-23T14:15:02.249+05:30 level=INFO module="" message="Processing request" requestId="req6" endpoint="/api/users" responseTime=131
time=2025-12-23T14:15:02.261+05:30 level=INFO module="" message="Processing request" requestId="req7" endpoint="/api/users" responseTime=132
time=2025-12-23T14:15:02.273+05:30 level=INFO module="" message="Processing request" requestId="req8" endpoint="/api/users" responseTime=133
time=2025-12-23T14:15:02.285+05:30 level=INFO module="" message="Processing request" requestId="req9" endpoint="/api/users" responseTime=134
time=2025-12-23T14:15:02.297+05:30 level=INFO module="" message="Processing request" requestId="req10" endpoint="/api/users" responseTime=135
time=2025-12-23T14:15:04.309+05:30 level=INFO module="" message="Processing request" requestId="req11" endpoint="/api/users" responseTime=136
time=2025-12-23T14:15:04.321+05:30 level=INFO module="" message="Processing request" requestId="req12" endpoint="/api/users" responseTime=137
time=2025-12-23T14:15:04.333+05:30 level=INFO module="" message="Processing request" requestId="req13" endpoint="/api/users" responseTime=138
time=2025-12-23T14:15:04.345+05:30 level=INFO module="" message="Processing request" requestId="req14" endpoint="/api/users" responseTime=139
time=2025-12-23T14:15:04.357+05:30 level=INFO module="" message="Processing request" requestId="req15" endpoint="/api/users" responseTime=140
time=2025-12-23T14:15:04.369+05:30 level=INFO module="" message="Application processing completed"
time=2025-12-23T14:15:04.381+05:30 level=INFO module="" message="Demonstrating SIZE_BASED rotation using programmatic logger with context"
time=2025-12-23T14:15:04.456+05:30 level=INFO module="" message="Log rotation demonstration complete"
time=2025-12-23T14:15:04.468+05:30 level=INFO module="" message="Check ./logs directory for rotated log files"
