# Prerequisites: AWS CLI tools installation and configuration. Visit [AWS Lambda Deployment Guide](https://ballerina.io/learn/deployment/aws-lambda/) for detailed steps.

# Create a ballerina package and replace the contents of the generated bal file with the contents above.
bal new aws_lambda_deployment

# Build the Ballerina program to generate the AWS Lambda functions
$ bal build
Compiling source
	wso2/aws_lambda_deployment:0.1.0

Generating executables
	@awslambda:Function: echo, uuid, ctxinfo, notifySQS, notifyS3

	Run the following command to deploy each Ballerina AWS Lambda function:
	aws lambda create-function --function-name $FUNCTION_NAME --zip-file fileb://<project_dir>/target/bin/aws-ballerina-lambda-functions.zip --handler aws_lambda_deployment.$FUNCTION_NAME --runtime provided --role $LAMBDA_ROLE_ARN --layers arn:aws:lambda:$REGION_ID:134633749276:layer:ballerina-jre11:6 --memory-size 512 --timeout 10

	Run the following command to re-deploy an updated Ballerina AWS Lambda function:
	aws lambda update-function-code --function-name $FUNCTION_NAME --zip-file fileb://<project_dir>/target/bin/aws-ballerina-lambda-functions.zip
    
    target/bin/aws_lambda_deployment.jar
# Execute the AWS CLI commands to create and publish the functions; and set your respective AWS $LAMBDA_ROLE_ARN, $REGION_ID, and $FUNCTION_NAME values; following are some examples:-
$ aws lambda create-function --function-name echo --zip-file fileb://aws-ballerina-lambda-functions.zip --handler aws_lambda_deployment.echo --runtime provided --role arn:aws:iam::908363916111:role/lambda-role
 --layers arn:aws:lambda:us-west-1:134633749276:layer:ballerina-jre11:6 --memory-size 512 --timeout 10
$ aws lambda create-function --function-name uuid --zip-file fileb://aws-ballerina-lambda-functions.zip --handler aws_lambda_deployment.uuid --runtime provided --role arn:aws:iam::908363916111:role/lambda-role
 --layers arn:aws:lambda:us-west-1:134633749276:layer:ballerina-jre11:6 --memory-size 512 --timeout 10
$ aws lambda create-function --function-name ctxinfo --zip-file fileb://aws-ballerina-lambda-functions.zip --handler aws_lambda_deployment.ctxinfo --runtime provided --role arn:aws:iam::908363916111:role/lambda-role
 --layers arn:aws:lambda:us-west-1:134633749276:layer:ballerina-jre11:6 --memory-size 512 --timeout 10


# Invoke the functions
$ echo '{"MESSAGE":"HELLO"}' > input.json
$ aws lambda invoke --function-name echo --payload fileb://input.json echo-response.txt
{
    "ExecutedVersion": "$LATEST", 
    "StatusCode": 200
}
$ cat echo-response.txt 
{"MESSAGE":"HELLO"}

$ aws lambda invoke --function-name uuid uuid-response.txt
{
    "ExecutedVersion": "$LATEST", 
    "StatusCode": 200
}
$ cat uuid-response.txt 
"711cd328-1937-40cc-9078-c3628c6edb02"

$ aws lambda invoke --function-name ctxinfo ctxinfo-response.txt
{
    "ExecutedVersion": "$LATEST", 
    "StatusCode": 200
}
$ cat ctxinfo-response.txt 
{"RequestID":"d55f7d06-f2ab-4b6e-8606-482607785a91", "DeadlineMS":1548069389978, "InvokedFunctionArn":"arn:aws:lambda:us-west-2:908363916138:function:ctxinfo", "TraceID":"Root=1-5c45aa03-f8aff4c9e24dc4fbf48f2990;Parent=17ad3b290def98fd;Sampled=0", "RemainingExecTime":9946}
