$ bal run xml_data_model.bal
<book>The Lost World</book>
<?target data?>
<!--I am a comment-->
Hello, world!
Hello World
<name>Sherlock Holmes</name>
greeting

<items>
            <!--Contents-->
            <book>
                <name>A Study in Scarlet</name>
                <author><name>Arthur Conan Doyle</name></author>
            </book>
            <planner>Daily Planner<kind>day</kind><pages>365</pages></planner>
            <book>
                <name>The Sign of Four</name>
                <author><name>Arthur Conan Doyle</name></author>
            </book>
            <pen><kind>marker</kind><color>blue</color></pen>
        </items>
