# To run this sample, navigate to the directory that contains the
# `.bal` file, and execute the `bal run` command below.
bal run time.bal
Current system time in milliseconds: 1599865900176
Created Time: 2017-03-28T23:42:45.554-05:00
Parsed Time: 2017-06-26T09:46:22.444-05:00
Current system time in custom format: 2020-09-11-Fri
Year: 2020
Month: 9
Day: 11
Hour: 16
Minute: 11
Second: 40
Millisecond: 176
Weekday: FRIDAY
Date: 2020:9:11
Time: 16:11:40:176
After adding a duration: 2021-10-11T16:11:41.176-07:00
After subtracting a duration: 2019-08-11T16:11:39.176-07:00
Before converting the time zone: 2017-03-28T23:42:45.554-05:00
After converting the time zone: 2017-03-29T10:12:45.554+05:30
Difference between the two time values: {"years":1,"months":2,"days":1,"hours":1,"minutes":0,"seconds":0,"milliSeconds":0}
